<?xml version="1.0" encoding="UTF-8"?>
<!-- Generated by org.testng.reporters.JUnitXMLReporter -->
<testsuite ignored="0" hostname="DESKTOP-CAAVLB5" failures="0" tests="3" name="Default test" time="8.743" errors="0" timestamp="2021-02-19T15:43:24 IST">
  <testcase classname="com.com.testNG.Hierarchy_Annotations" name="openUrl" time="4.567"/>
  <testcase classname="com.com.testNG.Hierarchy_Annotations" name="click_SignIn" time="0.418"/>
  <testcase classname="com.com.testNG.Hierarchy_Annotations" name="click_Register" time="0.376"/>
</testsuite> <!-- Default test -->
