<?xml version="1.0" encoding="UTF-8"?>
<testng-results ignored="0" total="3" passed="3" failed="0" skipped="0">
  <reporter-output>
  </reporter-output>
  <suite started-at="2021-02-19T15:43:15 IST" name="Default suite" finished-at="2021-02-19T15:43:24 IST" duration-ms="8743">
    <groups>
    </groups>
    <test started-at="2021-02-19T15:43:15 IST" name="Default test" finished-at="2021-02-19T15:43:24 IST" duration-ms="8743">
      <class name="com.com.testNG.Hierarchy_Annotations">
        <test-method is-config="true" signature="lauchBrowser()[pri:0, instance:com.com.testNG.Hierarchy_Annotations@36d585c]" started-at="2021-02-19T15:43:15 IST" name="lauchBrowser" finished-at="2021-02-19T15:43:18 IST" duration-ms="2593" status="PASS">
          <reporter-output>
          </reporter-output>
        </test-method> <!-- lauchBrowser -->
        <test-method signature="openUrl()[pri:0, instance:com.com.testNG.Hierarchy_Annotations@36d585c]" started-at="2021-02-19T15:43:18 IST" name="openUrl" finished-at="2021-02-19T15:43:22 IST" duration-ms="4567" status="PASS">
          <reporter-output>
          </reporter-output>
        </test-method> <!-- openUrl -->
        <test-method signature="click_SignIn()[pri:1, instance:com.com.testNG.Hierarchy_Annotations@36d585c]" started-at="2021-02-19T15:43:22 IST" name="click_SignIn" finished-at="2021-02-19T15:43:23 IST" duration-ms="418" status="PASS">
          <reporter-output>
          </reporter-output>
        </test-method> <!-- click_SignIn -->
        <test-method signature="click_Register()[pri:2, instance:com.com.testNG.Hierarchy_Annotations@36d585c]" started-at="2021-02-19T15:43:23 IST" name="click_Register" finished-at="2021-02-19T15:43:23 IST" duration-ms="376" status="PASS">
          <reporter-output>
          </reporter-output>
        </test-method> <!-- click_Register -->
        <test-method is-config="true" signature="close_Browser()[pri:0, instance:com.com.testNG.Hierarchy_Annotations@36d585c]" started-at="2021-02-19T15:43:23 IST" name="close_Browser" finished-at="2021-02-19T15:43:24 IST" duration-ms="714" status="PASS">
          <reporter-output>
          </reporter-output>
        </test-method> <!-- close_Browser -->
      </class> <!-- com.com.testNG.Hierarchy_Annotations -->
    </test> <!-- Default test -->
  </suite> <!-- Default suite -->
</testng-results>
